[2024-04-16 10:33:45,429] 23 root - INFO - data ingestion started
[2024-04-16 10:33:52,117] 26 root - INFO - reading a df
[2024-04-16 10:33:53,015] 29 root - INFO - i have performed the raw dataset in artifact folder
[2024-04-16 10:33:53,015] 31 root - INFO - here i have performed train test spplit
[2024-04-16 10:33:53,062] 34 root - INFO - train test split complete
[2024-04-16 10:33:53,939] 40 root - INFO - data infestion complete
[2024-04-16 10:33:54,115] 72 root - INFO - read train and test data complete
[2024-04-16 10:33:54,121] 73 root - INFO - Train DataFrame head: 
       id  carat      cut color clarity  depth  table     x     y     z  price
0   90709   2.01  Premium     I     SI1   62.9   58.0  8.04  8.01  5.06  15948
1   34861   0.52    Ideal     G    VVS2   61.9   56.0  5.14  5.16  3.19   1911
2   10719   1.20    Ideal     I     VS1   61.7   56.0  6.84  6.81  4.21   6727
3  140450   0.83    Ideal     E     SI1   62.2   54.0  6.00  6.03  3.75   3323
4  170739   0.39    Ideal     G     SI1   61.8   56.0  4.72  4.74  2.92    704
[2024-04-16 10:33:54,124] 74 root - INFO - Test DataFrame head: 
       id  carat        cut color clarity  depth  table     x     y     z  price
0  159878   0.51      Ideal     G     VS1   61.0   56.0  5.17  5.14  3.15   1736
1  144925   1.50    Premium     H     SI2   61.5   59.0  7.34  7.30  4.50   7231
2    8249   1.03      Ideal     F     SI1   62.5   57.0  6.44  6.47  4.03   5197
3  157535   1.01  Very Good     F     VS1   59.9   59.0  6.49  6.53  3.90   7196
4  138289   1.01    Premium     E     SI1   62.8   59.0  6.39  6.36  4.00   7093
[2024-04-16 10:33:54,124] 28 root - INFO - Data Transformation initialized
[2024-04-16 10:33:54,124] 37 root - INFO - Pipeline Initiated
[2024-04-16 10:33:54,412] 90 root - INFO - Applying preprocessing objecct on training and testing datasets
[2024-04-16 10:33:54,423] 99 root - INFO - preprocessing pickle file saved
[2024-04-16 10:33:54,428] 25 root - INFO - splitting the into X and Y
[2024-04-16 10:33:55,055] 43 root - INFO - Model Report:{'LinearRegression': 0.9366372079528547, 'Lasso': 0.9366397418219861, 'Ridge': 0.9366366913089619, 'ElasticNet': 0.8546726692645863}
[2024-04-16 10:33:55,056] 52 root - INFO - Best Model Found,Model Name:Lasso,R2 Score:0.9366397418219861
[2024-04-16 10:33:55,057] 14 root - INFO - evaluation started
[2024-04-16 10:33:55,063] 28 root - INFO - model has registered
[2024-04-16 10:33:55,434] 20 root - INFO - Evaluation metrics captured
