[2024-04-15 17:47:46,890] 23 root - INFO - data ingestion started
[2024-04-15 17:47:52,806] 26 root - INFO - reading a df
[2024-04-15 17:47:54,667] 29 root - INFO - i have performed the raw dataset in artifact folder
[2024-04-15 17:47:54,667] 31 root - INFO - here i have performed train test spplit
[2024-04-15 17:47:54,724] 34 root - INFO - train test split complete
[2024-04-15 17:47:56,621] 40 root - INFO - data infestion complete
[2024-04-15 17:47:56,970] 72 root - INFO - read train and test data complete
[2024-04-15 17:47:56,982] 73 root - INFO - Train DataFrame head: 
       id  carat        cut color clarity  depth  table     x     y     z  price
0   30115   0.71      Ideal     I     SI1   62.7   55.0  5.70  5.75  3.60   2091
1   95514   1.55  Very Good     E     SI1   61.2   58.0  7.43  7.44  4.55  12696
2  102244   1.01  Very Good     H     SI2   63.2   58.0  6.37  6.31  4.01   4242
3  166640   0.41      Ideal     D     VS1   62.2   55.0  4.77  4.74  2.96   1173
4   94412   0.51      Ideal     G    VVS2   61.4   56.0  5.17  5.19  3.18   1878
[2024-04-15 17:47:56,990] 74 root - INFO - Test DataFrame head: 
       id  carat      cut color clarity  depth  table     x     y     z  price
0  185861   0.71    Ideal     E     VS1   61.9   57.0  5.70  5.73  3.54   3243
1   52946   0.76    Ideal     D     VS2   61.9   54.7  5.86  5.89  3.64   3655
2    2179   0.36    Ideal     H     SI1   61.6   56.0  4.57  4.60  2.82    555
3  136977   1.01  Premium     E     SI2   62.2   59.0  6.41  6.38  3.98   4484
4  126539   0.35  Premium     F     SI1   62.8   58.0  4.54  4.50  2.84    706
[2024-04-15 17:47:56,990] 28 root - INFO - Data Transformation initialized
[2024-04-15 17:47:56,991] 37 root - INFO - Pipeline Initiated
[2024-04-15 17:47:57,520] 90 root - INFO - Applying preprocessing objecct on training and testing datasets
[2024-04-15 17:47:57,534] 99 root - INFO - preprocessing pickle file saved
[2024-04-15 17:47:57,541] 25 root - INFO - splitting the into X and Y
[2024-04-15 17:47:59,058] 43 root - INFO - Model Report:{'LinearRegression': 0.9359705239325387, 'Lasso': 0.9359816478865389, 'Ridge': 0.9359703653742161, 'ElasticNet': 0.8543628271919457}
[2024-04-15 17:47:59,058] 52 root - INFO - Best Model Found,Model Name:Lasso,R2 Score:0.9359816478865389
[2024-04-15 17:47:59,061] 14 root - INFO - evaluation started
[2024-04-15 17:47:59,077] 28 root - INFO - model has registered
[2024-04-15 17:47:59,525] 20 root - INFO - Evaluation metrics captured
